<?xml version="1.0" encoding="UTF-8"?>
<!-- Generated by org.testng.reporters.JUnitReportReporter -->
<testsuite hostname="LAPTOP-EAG9CDBF" failures="0" tests="1"
	name="seleniumCodingChallenge.SeleniumCodingChallenge3" time="51.479"
	errors="0" timestamp="02 Feb 2022 17:39:23 GMT" skipped="0">
	<testcase
		classname="seleniumCodingChallenge.SeleniumCodingChallenge3"
		name="Selenium" time="51.479" />
</testsuite> <!-- seleniumCodingChallenge.SeleniumCodingChallenge3 -->
